<?xml version="1.0" encoding="UTF-8"?>
<!-- Generated by org.testng.reporters.JUnitReportReporter -->
<testsuite hostname="DESKTOP-KACP40N" failures="0" tests="2" name="com.automation.testscripts.keyworddriven" time="0.914" errors="1" timestamp="2019-11-26T14:55:20 IST" skipped="1">
  <testcase classname="com.automation.testscripts.keyworddriven" name="createEmployee" time="0.000">
    <skipped/>
  </testcase> <!-- createEmployee -->
  <testcase classname="com.automation.testscripts.keyworddriven" name="init" time="0.914">
    <error message="java.net.UnknownHostException: No such host is known (npm.taobao.org)" type="io.github.bonigarcia.wdm.WebDriverManagerException">
      <![CDATA[io.github.bonigarcia.wdm.WebDriverManagerException: java.net.UnknownHostException: No such host is known (npm.taobao.org)
at io.github.bonigarcia.wdm.WebDriverManager.handleException(WebDriverManager.java:754)
at io.github.bonigarcia.wdm.WebDriverManager.manage(WebDriverManager.java:563)
at io.github.bonigarcia.wdm.WebDriverManager.handleException(WebDriverManager.java:751)
at io.github.bonigarcia.wdm.WebDriverManager.manage(WebDriverManager.java:563)
at io.github.bonigarcia.wdm.WebDriverManager.setup(WebDriverManager.java:260)
at com.automation.core.framework.init(framework.java:18)
at java.base/jdk.internal.reflect.NativeMethodAccessorImpl.invoke0(Native Method)
at java.base/jdk.internal.reflect.NativeMethodAccessorImpl.invoke(NativeMethodAccessorImpl.java:62)
at java.base/jdk.internal.reflect.DelegatingMethodAccessorImpl.invoke(DelegatingMethodAccessorImpl.java:43)
at java.base/java.lang.reflect.Method.invoke(Method.java:567)
at org.testng.internal.MethodInvocationHelper.invokeMethod(MethodInvocationHelper.java:133)
at org.testng.internal.MethodInvocationHelper.invokeMethodConsideringTimeout(MethodInvocationHelper.java:62)
at org.testng.internal.ConfigInvoker.invokeConfigurationMethod(ConfigInvoker.java:340)
at org.testng.internal.ConfigInvoker.invokeConfigurations(ConfigInvoker.java:294)
at org.testng.TestRunner.invokeTestConfigurations(TestRunner.java:623)
at org.testng.TestRunner.beforeRun(TestRunner.java:613)
at org.testng.TestRunner.run(TestRunner.java:584)
at org.testng.SuiteRunner.runTest(SuiteRunner.java:402)
at org.testng.SuiteRunner.runSequentially(SuiteRunner.java:396)
at org.testng.SuiteRunner.privateRun(SuiteRunner.java:355)
at org.testng.SuiteRunner.run(SuiteRunner.java:304)
at org.testng.SuiteRunnerWorker.runSuite(SuiteRunnerWorker.java:53)
at org.testng.SuiteRunnerWorker.run(SuiteRunnerWorker.java:96)
at org.testng.TestNG.runSuitesSequentially(TestNG.java:1180)
at org.testng.TestNG.runSuitesLocally(TestNG.java:1102)
at org.testng.TestNG.runSuites(TestNG.java:1032)
at org.testng.TestNG.run(TestNG.java:1000)
at org.testng.remote.AbstractRemoteTestNG.run(AbstractRemoteTestNG.java:115)
at org.testng.remote.RemoteTestNG.initAndRun(RemoteTestNG.java:251)
at org.testng.remote.RemoteTestNG.main(RemoteTestNG.java:77)
Caused by: java.net.UnknownHostException: No such host is known (npm.taobao.org)
at java.base/java.net.Inet6AddressImpl.lookupAllHostAddr(Native Method)
at java.base/java.net.InetAddress$PlatformNameService.lookupAllHostAddr(InetAddress.java:929)
at java.base/java.net.InetAddress.getAddressesFromNameService(InetAddress.java:1515)
at java.base/java.net.InetAddress$NameServiceAddresses.get(InetAddress.java:848)
at java.base/java.net.InetAddress.getAllByName0(InetAddress.java:1505)
at java.base/java.net.InetAddress.getAllByName(InetAddress.java:1364)
at java.base/java.net.InetAddress.getAllByName(InetAddress.java:1298)
at org.apache.http.impl.conn.SystemDefaultDnsResolver.resolve(SystemDefaultDnsResolver.java:45)
at org.apache.http.impl.conn.DefaultHttpClientConnectionOperator.connect(DefaultHttpClientConnectionOperator.java:112)
at org.apache.http.impl.conn.PoolingHttpClientConnectionManager.connect(PoolingHttpClientConnectionManager.java:373)
at org.apache.http.impl.execchain.MainClientExec.establishRoute(MainClientExec.java:394)
at org.apache.http.impl.execchain.MainClientExec.execute(MainClientExec.java:237)
at org.apache.http.impl.execchain.ProtocolExec.execute(ProtocolExec.java:185)
at org.apache.http.impl.execchain.RetryExec.execute(RetryExec.java:89)
at org.apache.http.impl.execchain.RedirectExec.execute(RedirectExec.java:110)
at org.apache.http.impl.client.InternalHttpClient.doExecute(InternalHttpClient.java:185)
at org.apache.http.impl.client.CloseableHttpClient.execute(CloseableHttpClient.java:83)
at org.apache.http.impl.client.CloseableHttpClient.execute(CloseableHttpClient.java:108)
at io.github.bonigarcia.wdm.HttpClient.execute(HttpClient.java:169)
at io.github.bonigarcia.wdm.WebDriverManager.getDriversFromMirror(WebDriverManager.java:1019)
at io.github.bonigarcia.wdm.ChromeDriverManager.getDrivers(ChromeDriverManager.java:82)
at io.github.bonigarcia.wdm.WebDriverManager.filterCandidateUrls(WebDriverManager.java:770)
at io.github.bonigarcia.wdm.WebDriverManager.manage(WebDriverManager.java:549)
... 28 more
]]>
    </error>
  </testcase> <!-- init -->
</testsuite> <!-- com.automation.testscripts.keyworddriven -->
