<?xml version="1.0" encoding="UTF-8"?>
<!-- Generated by org.testng.reporters.JUnitReportReporter -->
<testsuite hostname="DESKTOP-KACP40N" failures="0" tests="1" name="com.automation.testscripts.TC_01_CreateEmployee" time="18.316" errors="0" timestamp="2019-11-15T16:39:12 IST" skipped="0">
  <testcase classname="com.automation.testscripts.TC_01_CreateEmployee" name="createEmployee" time="18.316"/>
</testsuite> <!-- com.automation.testscripts.TC_01_CreateEmployee -->
