<?xml version="1.0" encoding="UTF-8"?>
<!-- Generated by org.testng.reporters.JUnitReportReporter -->
<testsuite hostname="DESKTOP-KACP40N" failures="0" tests="4" name="com.automation.testscripts.TC_02_CreateEmployee" time="146.643" errors="0" timestamp="2019-11-16T13:49:30 IST" skipped="0">
  <testcase classname="com.automation.testscripts.TC_02_CreateEmployee" name="createEmployee" time="37.369"/>
  <testcase classname="com.automation.testscripts.TC_02_CreateEmployee" name="createEmployee" time="36.912"/>
  <testcase classname="com.automation.testscripts.TC_02_CreateEmployee" name="createEmployee" time="24.415"/>
  <testcase classname="com.automation.testscripts.TC_02_CreateEmployee" name="createEmployee" time="47.947"/>
</testsuite> <!-- com.automation.testscripts.TC_02_CreateEmployee -->
